<?xml version="1.0" encoding="UTF-8"?>
<!-- Generated by org.testng.reporters.JUnitReportReporter -->
<testsuite skipped="0" hostname="DESKTOP-C15L1DP" name="com.case10.dirtyunicorn.AddtoCart" tests="1" failures="0" timestamp="2020-04-18T07:39:55 PDT" time="226.206" errors="0">
  <testcase name="addtocart" time="226.206" classname="com.case10.dirtyunicorn.AddtoCart"/>
  <system-out>
Browser Opened  </system-out>
</testsuite> <!-- com.case10.dirtyunicorn.AddtoCart -->
