<?xml version="1.0" encoding="UTF-8"?>
<!-- Generated by org.testng.reporters.JUnitReportReporter -->
<testsuite skipped="0" hostname="DESKTOP-C15L1DP" name="com.case10.dirtyunicorn.Login" tests="1" failures="0" timestamp="2020-04-17T11:06:37 PDT" time="85.858" errors="0">
  <testcase name="case10login" time="85.858" classname="com.case10.dirtyunicorn.Login"/>
  <system-out/>
</testsuite> <!-- com.case10.dirtyunicorn.Login -->
