<?xml version="1.0" encoding="UTF-8"?>
<!-- Generated by org.testng.reporters.JUnitReportReporter -->
<testsuite skipped="0" hostname="DESKTOP-C15L1DP" name="com.case10.dirtyunicorn.Login" tests="1" failures="0" timestamp="2020-04-02T08:32:27 PDT" time="76.324" errors="0">
  <testcase name="case10login" time="76.324" classname="com.case10.dirtyunicorn.Login"/>
  <system-out/>
</testsuite> <!-- com.case10.dirtyunicorn.Login -->
