<?xml version="1.0" encoding="UTF-8"?>
<!-- Generated by org.testng.reporters.JUnitReportReporter -->
<testsuite skipped="0" hostname="DESKTOP-C15L1DP" name="com.case10.dirtyunicorn.Wishlist" tests="1" failures="0" timestamp="2020-04-23T10:29:33 PDT" time="224.699" errors="0">
  <testcase name="wishlist" time="224.699" classname="com.case10.dirtyunicorn.Wishlist"/>
  <system-out/>
</testsuite> <!-- com.case10.dirtyunicorn.Wishlist -->
