<?xml version="1.0" encoding="UTF-8"?>
<!-- Generated by org.testng.reporters.JUnitReportReporter -->
<testsuite skipped="0" hostname="DESKTOP-C15L1DP" name="com.case10.dirtyunicorn.AppTest" tests="1" failures="0" timestamp="2020-03-27T06:26:54 PDT" time="0.011" errors="0">
  <testcase name="shouldAnswerWithTrue" time="0.011" classname="com.case10.dirtyunicorn.AppTest"/>
  <system-out/>
</testsuite> <!-- com.case10.dirtyunicorn.AppTest -->
